Determining if the pthread_create exist failed with the following output:
Change Dir: /home/michael/cmudb/build/CMakeFiles/CMakeTmp

Run Build Command:"/usr/bin/make" "cmTC_f266c/fast"
/usr/bin/make -f CMakeFiles/cmTC_f266c.dir/build.make CMakeFiles/cmTC_f266c.dir/build
make[1]: Entering directory '/home/michael/cmudb/build/CMakeFiles/CMakeTmp'
Building C object CMakeFiles/cmTC_f266c.dir/CheckSymbolExists.c.o
/usr/bin/cc    -o CMakeFiles/cmTC_f266c.dir/CheckSymbolExists.c.o   -c /home/michael/cmudb/build/CMakeFiles/CMakeTmp/CheckSymbolExists.c
Linking C executable cmTC_f266c
/usr/bin/cmake -E cmake_link_script CMakeFiles/cmTC_f266c.dir/link.txt --verbose=1
/usr/bin/cc      -rdynamic CMakeFiles/cmTC_f266c.dir/CheckSymbolExists.c.o  -o cmTC_f266c 
CMakeFiles/cmTC_f266c.dir/CheckSymbolExists.c.o: In function `main':
CheckSymbolExists.c:(.text+0x1b): undefined reference to `pthread_create'
collect2: error: ld returned 1 exit status
CMakeFiles/cmTC_f266c.dir/build.make:97: recipe for target 'cmTC_f266c' failed
make[1]: *** [cmTC_f266c] Error 1
make[1]: Leaving directory '/home/michael/cmudb/build/CMakeFiles/CMakeTmp'
Makefile:126: recipe for target 'cmTC_f266c/fast' failed
make: *** [cmTC_f266c/fast] Error 2

File /home/michael/cmudb/build/CMakeFiles/CMakeTmp/CheckSymbolExists.c:
/* */
#include <pthread.h>

int main(int argc, char** argv)
{
  (void)argv;
#ifndef pthread_create
  return ((int*)(&pthread_create))[argc];
#else
  (void)argc;
  return 0;
#endif
}

Determining if the function pthread_create exists in the pthreads failed with the following output:
Change Dir: /home/michael/cmudb/build/CMakeFiles/CMakeTmp

Run Build Command:"/usr/bin/make" "cmTC_fd392/fast"
/usr/bin/make -f CMakeFiles/cmTC_fd392.dir/build.make CMakeFiles/cmTC_fd392.dir/build
make[1]: Entering directory '/home/michael/cmudb/build/CMakeFiles/CMakeTmp'
Building C object CMakeFiles/cmTC_fd392.dir/CheckFunctionExists.c.o
/usr/bin/cc   -DCHECK_FUNCTION_EXISTS=pthread_create   -o CMakeFiles/cmTC_fd392.dir/CheckFunctionExists.c.o   -c /usr/share/cmake-3.10/Modules/CheckFunctionExists.c
Linking C executable cmTC_fd392
/usr/bin/cmake -E cmake_link_script CMakeFiles/cmTC_fd392.dir/link.txt --verbose=1
/usr/bin/cc  -DCHECK_FUNCTION_EXISTS=pthread_create    -rdynamic CMakeFiles/cmTC_fd392.dir/CheckFunctionExists.c.o  -o cmTC_fd392 -lpthreads 
/usr/bin/ld: cannot find -lpthreads
collect2: error: ld returned 1 exit status
CMakeFiles/cmTC_fd392.dir/build.make:97: recipe for target 'cmTC_fd392' failed
make[1]: *** [cmTC_fd392] Error 1
make[1]: Leaving directory '/home/michael/cmudb/build/CMakeFiles/CMakeTmp'
Makefile:126: recipe for target 'cmTC_fd392/fast' failed
make: *** [cmTC_fd392/fast] Error 2


